#coding=utf-8
/admin
/manager
/admin888
/guanli
/manager/html
/examples/
/log.txt
/test.html
/1.php
/info.php
/i.php
/test.php
/.svn/
/.svn/entries
/install/
/.git/
/.git/config
/.DS_Store
/.idea/workspace.xml
/.project
/.htaccess
/install.log
/LICENSE.txt
/license.txt
/readme.rst
/readme.txt
/readme.html
#wdcp探针
/iProber2.php
#Discuz X 3.2
/utility/
/update.php
/restore.php
/uc_server/tools.php
/config/config_global_default.php.bak
/config/config_ucenter_default.php.bak
#Wordpress
/wp-config.php.bak
/wp-config-sample.php.bak
